Start testing: Feb 02 14:28 EST
----------------------------------------------------------
1/230 Testing: testTemplate
1/230 Test: testTemplate
Command: "/home/jkang/gtsam/build/wrap/tests/testTemplate"
Directory: /home/jkang/gtsam/build/wrap/tests
"testTemplate" start time: Feb 02 14:28 EST
Output:
----------------------------------------------------------
There were no test failures
<end of output>
Test time =   0.01 sec
----------------------------------------------------------
Test Passed.
"testTemplate" end time: Feb 02 14:28 EST
"testTemplate" time elapsed: 00:00:00
----------------------------------------------------------

2/230 Testing: testGlobalFunction
2/230 Test: testGlobalFunction
Command: "/home/jkang/gtsam/build/wrap/tests/testGlobalFunction"
Directory: /home/jkang/gtsam/build/wrap/tests
"testGlobalFunction" start time: Feb 02 14:28 EST
Output:
----------------------------------------------------------
There were no test failures
<end of output>
Test time =   0.01 sec
----------------------------------------------------------
Test Passed.
"testGlobalFunction" end time: Feb 02 14:28 EST
"testGlobalFunction" time elapsed: 00:00:00
----------------------------------------------------------

3/230 Testing: testType
3/230 Test: testType
Command: "/home/jkang/gtsam/build/wrap/tests/testType"
Directory: /home/jkang/gtsam/build/wrap/tests
"testType" start time: Feb 02 14:28 EST
Output:
----------------------------------------------------------
There were no test failures
<end of output>
Test time =   0.00 sec
----------------------------------------------------------
Test Passed.
"testType" end time: Feb 02 14:28 EST
"testType" time elapsed: 00:00:00
----------------------------------------------------------

4/230 Testing: testWrap
4/230 Test: testWrap
Command: "/home/jkang/gtsam/build/wrap/tests/testWrap"
Directory: /home/jkang/gtsam/build/wrap/tests
"testWrap" start time: Feb 02 14:28 EST
Output:
----------------------------------------------------------
There were no test failures
<end of output>
Test time =   0.03 sec
----------------------------------------------------------
Test Passed.
"testWrap" end time: Feb 02 14:28 EST
"testWrap" time elapsed: 00:00:00
----------------------------------------------------------

5/230 Testing: testClass
5/230 Test: testClass
Command: "/home/jkang/gtsam/build/wrap/tests/testClass"
Directory: /home/jkang/gtsam/build/wrap/tests
"testClass" start time: Feb 02 14:28 EST
Output:
----------------------------------------------------------
There were no test failures
<end of output>
Test time =   0.02 sec
----------------------------------------------------------
Test Passed.
"testClass" end time: Feb 02 14:28 EST
"testClass" time elapsed: 00:00:00
----------------------------------------------------------

6/230 Testing: testSpirit
6/230 Test: testSpirit
Command: "/home/jkang/gtsam/build/wrap/tests/testSpirit"
Directory: /home/jkang/gtsam/build/wrap/tests
"testSpirit" start time: Feb 02 14:28 EST
Output:
----------------------------------------------------------
There were no test failures
<end of output>
Test time =   0.00 sec
----------------------------------------------------------
Test Passed.
"testSpirit" end time: Feb 02 14:28 EST
"testSpirit" time elapsed: 00:00:00
----------------------------------------------------------

7/230 Testing: testArgument
7/230 Test: testArgument
Command: "/home/jkang/gtsam/build/wrap/tests/testArgument"
Directory: /home/jkang/gtsam/build/wrap/tests
"testArgument" start time: Feb 02 14:28 EST
Output:
----------------------------------------------------------
There were no test failures
<end of output>
Test time =   0.00 sec
----------------------------------------------------------
Test Passed.
"testArgument" end time: Feb 02 14:28 EST
"testArgument" time elapsed: 00:00:00
----------------------------------------------------------

8/230 Testing: testMethod
8/230 Test: testMethod
Command: "/home/jkang/gtsam/build/wrap/tests/testMethod"
Directory: /home/jkang/gtsam/build/wrap/tests
"testMethod" start time: Feb 02 14:28 EST
Output:
----------------------------------------------------------
There were no test failures
<end of output>
Test time =   0.01 sec
----------------------------------------------------------
Test Passed.
"testMethod" end time: Feb 02 14:28 EST
"testMethod" time elapsed: 00:00:00
----------------------------------------------------------

9/230 Testing: testReturnValue
9/230 Test: testReturnValue
Command: "/home/jkang/gtsam/build/wrap/tests/testReturnValue"
Directory: /home/jkang/gtsam/build/wrap/tests
"testReturnValue" start time: Feb 02 14:28 EST
Output:
----------------------------------------------------------
There were no test failures
<end of output>
Test time =   0.01 sec
----------------------------------------------------------
Test Passed.
"testReturnValue" end time: Feb 02 14:28 EST
"testReturnValue" time elapsed: 00:00:00
----------------------------------------------------------

10/230 Testing: testCholesky
10/230 Test: testCholesky
Command: "/home/jkang/gtsam/build/gtsam/base/tests/testCholesky"
Directory: /home/jkang/gtsam/build/gtsam/base/tests
"testCholesky" start time: Feb 02 14:28 EST
Output:
----------------------------------------------------------
There were no test failures
<end of output>
Test time =   0.02 sec
----------------------------------------------------------
Test Passed.
"testCholesky" end time: Feb 02 14:28 EST
"testCholesky" time elapsed: 00:00:00
----------------------------------------------------------

11/230 Testing: testFastContainers
11/230 Test: testFastContainers
Command: "/home/jkang/gtsam/build/gtsam/base/tests/testFastContainers"
Directory: /home/jkang/gtsam/build/gtsam/base/tests
"testFastContainers" start time: Feb 02 14:28 EST
Output:
----------------------------------------------------------
There were no test failures
<end of output>
Test time =   0.01 sec
----------------------------------------------------------
Test Passed.
"testFastContainers" end time: Feb 02 14:28 EST
"testFastContainers" time elapsed: 00:00:00
----------------------------------------------------------

12/230 Testing: testNumericalDerivative
12/230 Test: testNumericalDerivative
Command: "/home/jkang/gtsam/build/gtsam/base/tests/testNumericalDerivative"
Directory: /home/jkang/gtsam/build/gtsam/base/tests
"testNumericalDerivative" start time: Feb 02 14:28 EST
Output:
----------------------------------------------------------
There were no test failures
<end of output>
Test time =   0.01 sec
----------------------------------------------------------
Test Passed.
"testNumericalDerivative" end time: Feb 02 14:28 EST
"testNumericalDerivative" time elapsed: 00:00:00
----------------------------------------------------------

13/230 Testing: testLieVector
13/230 Test: testLieVector
Command: "/home/jkang/gtsam/build/gtsam/base/tests/testLieVector"
Directory: /home/jkang/gtsam/build/gtsam/base/tests
"testLieVector" start time: Feb 02 14:28 EST
Output:
----------------------------------------------------------
There were no test failures
<end of output>
Test time =   0.01 sec
----------------------------------------------------------
Test Passed.
"testLieVector" end time: Feb 02 14:28 EST
"testLieVector" time elapsed: 00:00:00
----------------------------------------------------------

14/230 Testing: testSymmetricBlockMatrix
14/230 Test: testSymmetricBlockMatrix
Command: "/home/jkang/gtsam/build/gtsam/base/tests/testSymmetricBlockMatrix"
Directory: /home/jkang/gtsam/build/gtsam/base/tests
"testSymmetricBlockMatrix" start time: Feb 02 14:28 EST
Output:
----------------------------------------------------------
There were no test failures
<end of output>
Test time =   0.02 sec
----------------------------------------------------------
Test Passed.
"testSymmetricBlockMatrix" end time: Feb 02 14:28 EST
"testSymmetricBlockMatrix" time elapsed: 00:00:00
----------------------------------------------------------

15/230 Testing: testVerticalBlockMatrix
15/230 Test: testVerticalBlockMatrix
Command: "/home/jkang/gtsam/build/gtsam/base/tests/testVerticalBlockMatrix"
Directory: /home/jkang/gtsam/build/gtsam/base/tests
"testVerticalBlockMatrix" start time: Feb 02 14:28 EST
Output:
----------------------------------------------------------
There were no test failures
<end of output>
Test time =   0.01 sec
----------------------------------------------------------
Test Passed.
"testVerticalBlockMatrix" end time: Feb 02 14:28 EST
"testVerticalBlockMatrix" time elapsed: 00:00:00
----------------------------------------------------------

16/230 Testing: testSerializationBase
16/230 Test: testSerializationBase
Command: "/home/jkang/gtsam/build/gtsam/base/tests/testSerializationBase"
Directory: /home/jkang/gtsam/build/gtsam/base/tests
"testSerializationBase" start time: Feb 02 14:28 EST
Output:
----------------------------------------------------------
There were no test failures
<end of output>
Test time =   0.01 sec
----------------------------------------------------------
Test Passed.
"testSerializationBase" end time: Feb 02 14:28 EST
"testSerializationBase" time elapsed: 00:00:00
----------------------------------------------------------

17/230 Testing: testOptionalJacobian
17/230 Test: testOptionalJacobian
Command: "/home/jkang/gtsam/build/gtsam/base/tests/testOptionalJacobian"
Directory: /home/jkang/gtsam/build/gtsam/base/tests
"testOptionalJacobian" start time: Feb 02 14:28 EST
Output:
----------------------------------------------------------
There were no test failures
<end of output>
Test time =   0.02 sec
----------------------------------------------------------
Test Passed.
"testOptionalJacobian" end time: Feb 02 14:28 EST
"testOptionalJacobian" time elapsed: 00:00:00
----------------------------------------------------------

18/230 Testing: testLieScalar
18/230 Test: testLieScalar
Command: "/home/jkang/gtsam/build/gtsam/base/tests/testLieScalar"
Directory: /home/jkang/gtsam/build/gtsam/base/tests
"testLieScalar" start time: Feb 02 14:28 EST
Output:
----------------------------------------------------------
There were no test failures
<end of output>
Test time =   0.01 sec
----------------------------------------------------------
Test Passed.
"testLieScalar" end time: Feb 02 14:28 EST
"testLieScalar" time elapsed: 00:00:00
----------------------------------------------------------

19/230 Testing: testLieMatrix
19/230 Test: testLieMatrix
Command: "/home/jkang/gtsam/build/gtsam/base/tests/testLieMatrix"
Directory: /home/jkang/gtsam/build/gtsam/base/tests
"testLieMatrix" start time: Feb 02 14:28 EST
Output:
----------------------------------------------------------
There were no test failures
<end of output>
Test time =   0.03 sec
----------------------------------------------------------
Test Passed.
"testLieMatrix" end time: Feb 02 14:28 EST
"testLieMatrix" time elapsed: 00:00:00
----------------------------------------------------------

20/230 Testing: testDebug
20/230 Test: testDebug
Command: "/home/jkang/gtsam/build/gtsam/base/tests/testDebug"
Directory: /home/jkang/gtsam/build/gtsam/base/tests
"testDebug" start time: Feb 02 14:28 EST
Output:
----------------------------------------------------------
There were no test failures
<end of output>
Test time =   0.01 sec
----------------------------------------------------------
Test Passed.
"testDebug" end time: Feb 02 14:28 EST
"testDebug" time elapsed: 00:00:00
----------------------------------------------------------

21/230 Testing: testGroup
21/230 Test: testGroup
Command: "/home/jkang/gtsam/build/gtsam/base/tests/testGroup"
Directory: /home/jkang/gtsam/build/gtsam/base/tests
"testGroup" start time: Feb 02 14:28 EST
Output:
----------------------------------------------------------
There were no test failures
<end of output>
Test time =   0.00 sec
----------------------------------------------------------
Test Passed.
"testGroup" end time: Feb 02 14:28 EST
"testGroup" time elapsed: 00:00:00
----------------------------------------------------------

22/230 Testing: testVector
22/230 Test: testVector
Command: "/home/jkang/gtsam/build/gtsam/base/tests/testVector"
Directory: /home/jkang/gtsam/build/gtsam/base/tests
"testVector" start time: Feb 02 14:28 EST
Output:
----------------------------------------------------------
There were no test failures
<end of output>
Test time =   0.01 sec
----------------------------------------------------------
Test Passed.
"testVector" end time: Feb 02 14:28 EST
"testVector" time elapsed: 00:00:00
----------------------------------------------------------

23/230 Testing: testTestableAssertions
23/230 Test: testTestableAssertions
Command: "/home/jkang/gtsam/build/gtsam/base/tests/testTestableAssertions"
Directory: /home/jkang/gtsam/build/gtsam/base/tests
"testTestableAssertions" start time: Feb 02 14:28 EST
Output:
----------------------------------------------------------
There were no test failures
<end of output>
Test time =   0.01 sec
----------------------------------------------------------
Test Passed.
"testTestableAssertions" end time: Feb 02 14:28 EST
"testTestableAssertions" time elapsed: 00:00:00
----------------------------------------------------------

24/230 Testing: testMatrix
24/230 Test: testMatrix
Command: "/home/jkang/gtsam/build/gtsam/base/tests/testMatrix"
Directory: /home/jkang/gtsam/build/gtsam/base/tests
"testMatrix" start time: Feb 02 14:28 EST
Output:
----------------------------------------------------------
There were no test failures
<end of output>
Test time =   0.02 sec
----------------------------------------------------------
Test Passed.
"testMatrix" end time: Feb 02 14:28 EST
"testMatrix" time elapsed: 00:00:00
----------------------------------------------------------

25/230 Testing: testTreeTraversal
25/230 Test: testTreeTraversal
Command: "/home/jkang/gtsam/build/gtsam/base/tests/testTreeTraversal"
Directory: /home/jkang/gtsam/build/gtsam/base/tests
"testTreeTraversal" start time: Feb 02 14:28 EST
Output:
----------------------------------------------------------
There were no test failures
<end of output>
Test time =   0.01 sec
----------------------------------------------------------
Test Passed.
"testTreeTraversal" end time: Feb 02 14:28 EST
"testTreeTraversal" time elapsed: 00:00:00
----------------------------------------------------------

26/230 Testing: testDSFVector
26/230 Test: testDSFVector
Command: "/home/jkang/gtsam/build/gtsam/base/tests/testDSFVector"
Directory: /home/jkang/gtsam/build/gtsam/base/tests
"testDSFVector" start time: Feb 02 14:28 EST
Output:
----------------------------------------------------------
There were no test failures
<end of output>
Test time =   0.02 sec
----------------------------------------------------------
Test Passed.
"testDSFVector" end time: Feb 02 14:28 EST
"testDSFVector" time elapsed: 00:00:00
----------------------------------------------------------

27/230 Testing: testCal3Unified
27/230 Test: testCal3Unified
Command: "/home/jkang/gtsam/build/gtsam/geometry/tests/testCal3Unified"
Directory: /home/jkang/gtsam/build/gtsam/geometry/tests
"testCal3Unified" start time: Feb 02 14:28 EST
Output:
----------------------------------------------------------
There were no test failures
<end of output>
Test time =   0.02 sec
----------------------------------------------------------
Test Passed.
"testCal3Unified" end time: Feb 02 14:28 EST
"testCal3Unified" time elapsed: 00:00:00
----------------------------------------------------------

28/230 Testing: testBearingRange
28/230 Test: testBearingRange
Command: "/home/jkang/gtsam/build/gtsam/geometry/tests/testBearingRange"
Directory: /home/jkang/gtsam/build/gtsam/geometry/tests
"testBearingRange" start time: Feb 02 14:28 EST
Output:
----------------------------------------------------------
There were no test failures
<end of output>
Test time =   0.03 sec
----------------------------------------------------------
Test Passed.
"testBearingRange" end time: Feb 02 14:28 EST
"testBearingRange" time elapsed: 00:00:00
----------------------------------------------------------

29/230 Testing: testTriangulation
29/230 Test: testTriangulation
Command: "/home/jkang/gtsam/build/gtsam/geometry/tests/testTriangulation"
Directory: /home/jkang/gtsam/build/gtsam/geometry/tests
"testTriangulation" start time: Feb 02 14:28 EST
Output:
----------------------------------------------------------
There were no test failures
<end of output>
Test time =   0.02 sec
----------------------------------------------------------
Test Passed.
"testTriangulation" end time: Feb 02 14:28 EST
"testTriangulation" time elapsed: 00:00:00
----------------------------------------------------------

30/230 Testing: testEssentialMatrix
30/230 Test: testEssentialMatrix
Command: "/home/jkang/gtsam/build/gtsam/geometry/tests/testEssentialMatrix"
Directory: /home/jkang/gtsam/build/gtsam/geometry/tests
"testEssentialMatrix" start time: Feb 02 14:28 EST
Output:
----------------------------------------------------------
There were no test failures
<end of output>
Test time =   0.02 sec
----------------------------------------------------------
Test Passed.
"testEssentialMatrix" end time: Feb 02 14:28 EST
"testEssentialMatrix" time elapsed: 00:00:00
----------------------------------------------------------

31/230 Testing: testCameraSet
31/230 Test: testCameraSet
Command: "/home/jkang/gtsam/build/gtsam/geometry/tests/testCameraSet"
Directory: /home/jkang/gtsam/build/gtsam/geometry/tests
"testCameraSet" start time: Feb 02 14:28 EST
Output:
----------------------------------------------------------
There were no test failures
<end of output>
Test time =   0.01 sec
----------------------------------------------------------
Test Passed.
"testCameraSet" end time: Feb 02 14:28 EST
"testCameraSet" time elapsed: 00:00:00
----------------------------------------------------------

32/230 Testing: testRot2
32/230 Test: testRot2
Command: "/home/jkang/gtsam/build/gtsam/geometry/tests/testRot2"
Directory: /home/jkang/gtsam/build/gtsam/geometry/tests
"testRot2" start time: Feb 02 14:28 EST
Output:
----------------------------------------------------------
There were no test failures
<end of output>
Test time =   0.01 sec
----------------------------------------------------------
Test Passed.
"testRot2" end time: Feb 02 14:28 EST
"testRot2" time elapsed: 00:00:00
----------------------------------------------------------

33/230 Testing: testStereoCamera
33/230 Test: testStereoCamera
Command: "/home/jkang/gtsam/build/gtsam/geometry/tests/testStereoCamera"
Directory: /home/jkang/gtsam/build/gtsam/geometry/tests
"testStereoCamera" start time: Feb 02 14:28 EST
Output:
----------------------------------------------------------
There were no test failures
<end of output>
Test time =   0.02 sec
----------------------------------------------------------
Test Passed.
"testStereoCamera" end time: Feb 02 14:28 EST
"testStereoCamera" time elapsed: 00:00:00
----------------------------------------------------------

34/230 Testing: testCyclic
34/230 Test: testCyclic
Command: "/home/jkang/gtsam/build/gtsam/geometry/tests/testCyclic"
Directory: /home/jkang/gtsam/build/gtsam/geometry/tests
"testCyclic" start time: Feb 02 14:28 EST
Output:
----------------------------------------------------------
There were no test failures
<end of output>
Test time =   0.01 sec
----------------------------------------------------------
Test Passed.
"testCyclic" end time: Feb 02 14:28 EST
"testCyclic" time elapsed: 00:00:00
----------------------------------------------------------

35/230 Testing: testCal3_S2
35/230 Test: testCal3_S2
Command: "/home/jkang/gtsam/build/gtsam/geometry/tests/testCal3_S2"
Directory: /home/jkang/gtsam/build/gtsam/geometry/tests
"testCal3_S2" start time: Feb 02 14:28 EST
Output:
----------------------------------------------------------
There were no test failures
<end of output>
Test time =   0.01 sec
----------------------------------------------------------
Test Passed.
"testCal3_S2" end time: Feb 02 14:28 EST
"testCal3_S2" time elapsed: 00:00:00
----------------------------------------------------------

36/230 Testing: testRot3
36/230 Test: testRot3
Command: "/home/jkang/gtsam/build/gtsam/geometry/tests/testRot3"
Directory: /home/jkang/gtsam/build/gtsam/geometry/tests
"testRot3" start time: Feb 02 14:28 EST
Output:
----------------------------------------------------------
There were no test failures
<end of output>
Test time =   0.03 sec
----------------------------------------------------------
Test Passed.
"testRot3" end time: Feb 02 14:28 EST
"testRot3" time elapsed: 00:00:00
----------------------------------------------------------

37/230 Testing: testSimpleCamera
37/230 Test: testSimpleCamera
Command: "/home/jkang/gtsam/build/gtsam/geometry/tests/testSimpleCamera"
Directory: /home/jkang/gtsam/build/gtsam/geometry/tests
"testSimpleCamera" start time: Feb 02 14:28 EST
Output:
----------------------------------------------------------
There were no test failures
<end of output>
Test time =   0.01 sec
----------------------------------------------------------
Test Passed.
"testSimpleCamera" end time: Feb 02 14:28 EST
"testSimpleCamera" time elapsed: 00:00:00
----------------------------------------------------------

38/230 Testing: testRot3M
38/230 Test: testRot3M
Command: "/home/jkang/gtsam/build/gtsam/geometry/tests/testRot3M"
Directory: /home/jkang/gtsam/build/gtsam/geometry/tests
"testRot3M" start time: Feb 02 14:28 EST
Output:
----------------------------------------------------------
There were no test failures
<end of output>
Test time =   0.01 sec
----------------------------------------------------------
Test Passed.
"testRot3M" end time: Feb 02 14:28 EST
"testRot3M" time elapsed: 00:00:00
----------------------------------------------------------

39/230 Testing: testPinholePose
39/230 Test: testPinholePose
Command: "/home/jkang/gtsam/build/gtsam/geometry/tests/testPinholePose"
Directory: /home/jkang/gtsam/build/gtsam/geometry/tests
"testPinholePose" start time: Feb 02 14:28 EST
Output:
----------------------------------------------------------
There were no test failures
<end of output>
Test time =   0.02 sec
----------------------------------------------------------
Test Passed.
"testPinholePose" end time: Feb 02 14:28 EST
"testPinholePose" time elapsed: 00:00:00
----------------------------------------------------------

40/230 Testing: testSerializationGeometry
40/230 Test: testSerializationGeometry
Command: "/home/jkang/gtsam/build/gtsam/geometry/tests/testSerializationGeometry"
Directory: /home/jkang/gtsam/build/gtsam/geometry/tests
"testSerializationGeometry" start time: Feb 02 14:28 EST
Output:
----------------------------------------------------------
There were no test failures
<end of output>
Test time =   0.02 sec
----------------------------------------------------------
Test Passed.
"testSerializationGeometry" end time: Feb 02 14:28 EST
"testSerializationGeometry" time elapsed: 00:00:00
----------------------------------------------------------

41/230 Testing: testPoint2
41/230 Test: testPoint2
Command: "/home/jkang/gtsam/build/gtsam/geometry/tests/testPoint2"
Directory: /home/jkang/gtsam/build/gtsam/geometry/tests
"testPoint2" start time: Feb 02 14:28 EST
Output:
----------------------------------------------------------
There were no test failures
<end of output>
Test time =   0.01 sec
----------------------------------------------------------
Test Passed.
"testPoint2" end time: Feb 02 14:28 EST
"testPoint2" time elapsed: 00:00:00
----------------------------------------------------------

42/230 Testing: testCal3DS2
42/230 Test: testCal3DS2
Command: "/home/jkang/gtsam/build/gtsam/geometry/tests/testCal3DS2"
Directory: /home/jkang/gtsam/build/gtsam/geometry/tests
"testCal3DS2" start time: Feb 02 14:28 EST
Output:
----------------------------------------------------------
There were no test failures
<end of output>
Test time =   0.02 sec
----------------------------------------------------------
Test Passed.
"testCal3DS2" end time: Feb 02 14:28 EST
"testCal3DS2" time elapsed: 00:00:00
----------------------------------------------------------

43/230 Testing: testPinholeCamera
43/230 Test: testPinholeCamera
Command: "/home/jkang/gtsam/build/gtsam/geometry/tests/testPinholeCamera"
Directory: /home/jkang/gtsam/build/gtsam/geometry/tests
"testPinholeCamera" start time: Feb 02 14:28 EST
Output:
----------------------------------------------------------
There were no test failures
<end of output>
Test time =   0.01 sec
----------------------------------------------------------
Test Passed.
"testPinholeCamera" end time: Feb 02 14:28 EST
"testPinholeCamera" time elapsed: 00:00:00
----------------------------------------------------------

44/230 Testing: testQuaternion
44/230 Test: testQuaternion
Command: "/home/jkang/gtsam/build/gtsam/geometry/tests/testQuaternion"
Directory: /home/jkang/gtsam/build/gtsam/geometry/tests
"testQuaternion" start time: Feb 02 14:28 EST
Output:
----------------------------------------------------------
There were no test failures
<end of output>
Test time =   0.02 sec
----------------------------------------------------------
Test Passed.
"testQuaternion" end time: Feb 02 14:28 EST
"testQuaternion" time elapsed: 00:00:00
----------------------------------------------------------

45/230 Testing: testCalibratedCamera
45/230 Test: testCalibratedCamera
Command: "/home/jkang/gtsam/build/gtsam/geometry/tests/testCalibratedCamera"
Directory: /home/jkang/gtsam/build/gtsam/geometry/tests
"testCalibratedCamera" start time: Feb 02 14:28 EST
Output:
----------------------------------------------------------
There were no test failures
<end of output>
Test time =   0.03 sec
----------------------------------------------------------
Test Passed.
"testCalibratedCamera" end time: Feb 02 14:28 EST
"testCalibratedCamera" time elapsed: 00:00:00
----------------------------------------------------------

46/230 Testing: testRot3Q
46/230 Test: testRot3Q
Command: "/home/jkang/gtsam/build/gtsam/geometry/tests/testRot3Q"
Directory: /home/jkang/gtsam/build/gtsam/geometry/tests
"testRot3Q" start time: Feb 02 14:28 EST
Output:
----------------------------------------------------------
There were no test failures
<end of output>
Test time =   0.01 sec
----------------------------------------------------------
Test Passed.
"testRot3Q" end time: Feb 02 14:28 EST
"testRot3Q" time elapsed: 00:00:00
----------------------------------------------------------

47/230 Testing: testPose3
47/230 Test: testPose3
Command: "/home/jkang/gtsam/build/gtsam/geometry/tests/testPose3"
Directory: /home/jkang/gtsam/build/gtsam/geometry/tests
"testPose3" start time: Feb 02 14:28 EST
Output:
----------------------------------------------------------
There were no test failures
<end of output>
Test time =   0.02 sec
----------------------------------------------------------
Test Passed.
"testPose3" end time: Feb 02 14:28 EST
"testPose3" time elapsed: 00:00:00
----------------------------------------------------------

48/230 Testing: testUnit3
48/230 Test: testUnit3
Command: "/home/jkang/gtsam/build/gtsam/geometry/tests/testUnit3"
Directory: /home/jkang/gtsam/build/gtsam/geometry/tests
"testUnit3" start time: Feb 02 14:28 EST
Output:
----------------------------------------------------------
There were no test failures
<end of output>
Test time =   0.03 sec
----------------------------------------------------------
Test Passed.
"testUnit3" end time: Feb 02 14:28 EST
"testUnit3" time elapsed: 00:00:00
----------------------------------------------------------

49/230 Testing: testPoint3
49/230 Test: testPoint3
Command: "/home/jkang/gtsam/build/gtsam/geometry/tests/testPoint3"
Directory: /home/jkang/gtsam/build/gtsam/geometry/tests
"testPoint3" start time: Feb 02 14:28 EST
Output:
----------------------------------------------------------
There were no test failures
<end of output>
Test time =   0.01 sec
----------------------------------------------------------
Test Passed.
"testPoint3" end time: Feb 02 14:28 EST
"testPoint3" time elapsed: 00:00:00
----------------------------------------------------------

50/230 Testing: testOrientedPlane3
50/230 Test: testOrientedPlane3
Command: "/home/jkang/gtsam/build/gtsam/geometry/tests/testOrientedPlane3"
Directory: /home/jkang/gtsam/build/gtsam/geometry/tests
"testOrientedPlane3" start time: Feb 02 14:28 EST
Output:
----------------------------------------------------------
There were no test failures
<end of output>
Test time =   0.87 sec
----------------------------------------------------------
Test Passed.
"testOrientedPlane3" end time: Feb 02 14:28 EST
"testOrientedPlane3" time elapsed: 00:00:00
----------------------------------------------------------

51/230 Testing: testStereoPoint2
51/230 Test: testStereoPoint2
Command: "/home/jkang/gtsam/build/gtsam/geometry/tests/testStereoPoint2"
Directory: /home/jkang/gtsam/build/gtsam/geometry/tests
"testStereoPoint2" start time: Feb 02 14:28 EST
Output:
----------------------------------------------------------
There were no test failures
<end of output>
Test time =   0.01 sec
----------------------------------------------------------
Test Passed.
"testStereoPoint2" end time: Feb 02 14:28 EST
"testStereoPoint2" time elapsed: 00:00:00
----------------------------------------------------------

52/230 Testing: testCal3Bundler
52/230 Test: testCal3Bundler
Command: "/home/jkang/gtsam/build/gtsam/geometry/tests/testCal3Bundler"
Directory: /home/jkang/gtsam/build/gtsam/geometry/tests
"testCal3Bundler" start time: Feb 02 14:28 EST
Output:
----------------------------------------------------------
There were no test failures
<end of output>
Test time =   0.03 sec
----------------------------------------------------------
Test Passed.
"testCal3Bundler" end time: Feb 02 14:28 EST
"testCal3Bundler" time elapsed: 00:00:00
----------------------------------------------------------

53/230 Testing: testPose2
53/230 Test: testPose2
Command: "/home/jkang/gtsam/build/gtsam/geometry/tests/testPose2"
Directory: /home/jkang/gtsam/build/gtsam/geometry/tests
"testPose2" start time: Feb 02 14:28 EST
Output:
----------------------------------------------------------
There were no test failures
<end of output>
Test time =   0.02 sec
----------------------------------------------------------
Test Passed.
"testPose2" end time: Feb 02 14:28 EST
"testPose2" time elapsed: 00:00:00
----------------------------------------------------------

54/230 Testing: testSO3
54/230 Test: testSO3
Command: "/home/jkang/gtsam/build/gtsam/geometry/tests/testSO3"
Directory: /home/jkang/gtsam/build/gtsam/geometry/tests
"testSO3" start time: Feb 02 14:28 EST
Output:
----------------------------------------------------------
There were no test failures
<end of output>
Test time =   0.01 sec
----------------------------------------------------------
Test Passed.
"testSO3" end time: Feb 02 14:28 EST
"testSO3" time elapsed: 00:00:00
----------------------------------------------------------

55/230 Testing: testPinholeSet
55/230 Test: testPinholeSet
Command: "/home/jkang/gtsam/build/gtsam/geometry/tests/testPinholeSet"
Directory: /home/jkang/gtsam/build/gtsam/geometry/tests
"testPinholeSet" start time: Feb 02 14:28 EST
Output:
----------------------------------------------------------
There were no test failures
<end of output>
Test time =   0.01 sec
----------------------------------------------------------
Test Passed.
"testPinholeSet" end time: Feb 02 14:28 EST
"testPinholeSet" time elapsed: 00:00:00
----------------------------------------------------------

56/230 Testing: testVariableSlots
56/230 Test: testVariableSlots
Command: "/home/jkang/gtsam/build/gtsam/inference/tests/testVariableSlots"
Directory: /home/jkang/gtsam/build/gtsam/inference/tests
"testVariableSlots" start time: Feb 02 14:28 EST
Output:
----------------------------------------------------------
There were no test failures
<end of output>
Test time =   0.01 sec
----------------------------------------------------------
Test Passed.
"testVariableSlots" end time: Feb 02 14:28 EST
"testVariableSlots" time elapsed: 00:00:00
----------------------------------------------------------

57/230 Testing: testKey
57/230 Test: testKey
Command: "/home/jkang/gtsam/build/gtsam/inference/tests/testKey"
Directory: /home/jkang/gtsam/build/gtsam/inference/tests
"testKey" start time: Feb 02 14:28 EST
Output:
----------------------------------------------------------
There were no test failures
<end of output>
Test time =   0.02 sec
----------------------------------------------------------
Test Passed.
"testKey" end time: Feb 02 14:28 EST
"testKey" time elapsed: 00:00:00
----------------------------------------------------------

58/230 Testing: testLabeledSymbol
58/230 Test: testLabeledSymbol
Command: "/home/jkang/gtsam/build/gtsam/inference/tests/testLabeledSymbol"
Directory: /home/jkang/gtsam/build/gtsam/inference/tests
"testLabeledSymbol" start time: Feb 02 14:28 EST
Output:
----------------------------------------------------------
There were no test failures
<end of output>
Test time =   0.02 sec
----------------------------------------------------------
Test Passed.
"testLabeledSymbol" end time: Feb 02 14:28 EST
"testLabeledSymbol" time elapsed: 00:00:00
----------------------------------------------------------

59/230 Testing: testOrdering
59/230 Test: testOrdering
Command: "/home/jkang/gtsam/build/gtsam/inference/tests/testOrdering"
Directory: /home/jkang/gtsam/build/gtsam/inference/tests
"testOrdering" start time: Feb 02 14:28 EST
Output:
----------------------------------------------------------
There were no test failures
<end of output>
Test time =   0.01 sec
----------------------------------------------------------
Test Passed.
"testOrdering" end time: Feb 02 14:28 EST
"testOrdering" time elapsed: 00:00:00
----------------------------------------------------------

60/230 Testing: testVariableIndex
60/230 Test: testVariableIndex
Command: "/home/jkang/gtsam/build/gtsam/symbolic/tests/testVariableIndex"
Directory: /home/jkang/gtsam/build/gtsam/symbolic/tests
"testVariableIndex" start time: Feb 02 14:28 EST
Output:
----------------------------------------------------------
There were no test failures
<end of output>
Test time =   0.01 sec
----------------------------------------------------------
Test Passed.
"testVariableIndex" end time: Feb 02 14:28 EST
"testVariableIndex" time elapsed: 00:00:00
----------------------------------------------------------

61/230 Testing: testSerializationSymbolic
61/230 Test: testSerializationSymbolic
Command: "/home/jkang/gtsam/build/gtsam/symbolic/tests/testSerializationSymbolic"
Directory: /home/jkang/gtsam/build/gtsam/symbolic/tests
"testSerializationSymbolic" start time: Feb 02 14:28 EST
Output:
----------------------------------------------------------
There were no test failures
<end of output>
Test time =   0.02 sec
----------------------------------------------------------
Test Passed.
"testSerializationSymbolic" end time: Feb 02 14:28 EST
"testSerializationSymbolic" time elapsed: 00:00:00
----------------------------------------------------------

62/230 Testing: testSymbolicConditional
62/230 Test: testSymbolicConditional
Command: "/home/jkang/gtsam/build/gtsam/symbolic/tests/testSymbolicConditional"
Directory: /home/jkang/gtsam/build/gtsam/symbolic/tests
"testSymbolicConditional" start time: Feb 02 14:28 EST
Output:
----------------------------------------------------------
There were no test failures
<end of output>
Test time =   0.01 sec
----------------------------------------------------------
Test Passed.
"testSymbolicConditional" end time: Feb 02 14:28 EST
"testSymbolicConditional" time elapsed: 00:00:00
----------------------------------------------------------

63/230 Testing: testSymbolicFactorGraph
63/230 Test: testSymbolicFactorGraph
Command: "/home/jkang/gtsam/build/gtsam/symbolic/tests/testSymbolicFactorGraph"
Directory: /home/jkang/gtsam/build/gtsam/symbolic/tests
"testSymbolicFactorGraph" start time: Feb 02 14:28 EST
Output:
----------------------------------------------------------
There were no test failures
<end of output>
Test time =   0.02 sec
----------------------------------------------------------
Test Passed.
"testSymbolicFactorGraph" end time: Feb 02 14:28 EST
"testSymbolicFactorGraph" time elapsed: 00:00:00
----------------------------------------------------------

64/230 Testing: testSymbolicFactor
64/230 Test: testSymbolicFactor
Command: "/home/jkang/gtsam/build/gtsam/symbolic/tests/testSymbolicFactor"
Directory: /home/jkang/gtsam/build/gtsam/symbolic/tests
"testSymbolicFactor" start time: Feb 02 14:28 EST
Output:
----------------------------------------------------------
There were no test failures
<end of output>
Test time =   0.01 sec
----------------------------------------------------------
Test Passed.
"testSymbolicFactor" end time: Feb 02 14:28 EST
"testSymbolicFactor" time elapsed: 00:00:00
----------------------------------------------------------

65/230 Testing: testSymbolicISAM
65/230 Test: testSymbolicISAM
Command: "/home/jkang/gtsam/build/gtsam/symbolic/tests/testSymbolicISAM"
Directory: /home/jkang/gtsam/build/gtsam/symbolic/tests
"testSymbolicISAM" start time: Feb 02 14:28 EST
Output:
----------------------------------------------------------
There were no test failures
<end of output>
Test time =   0.02 sec
----------------------------------------------------------
Test Passed.
"testSymbolicISAM" end time: Feb 02 14:28 EST
"testSymbolicISAM" time elapsed: 00:00:00
----------------------------------------------------------

66/230 Testing: testSymbolicBayesNet
66/230 Test: testSymbolicBayesNet
Command: "/home/jkang/gtsam/build/gtsam/symbolic/tests/testSymbolicBayesNet"
Directory: /home/jkang/gtsam/build/gtsam/symbolic/tests
"testSymbolicBayesNet" start time: Feb 02 14:28 EST
Output:
----------------------------------------------------------
There were no test failures
<end of output>
Test time =   0.02 sec
----------------------------------------------------------
Test Passed.
"testSymbolicBayesNet" end time: Feb 02 14:28 EST
"testSymbolicBayesNet" time elapsed: 00:00:00
----------------------------------------------------------

67/230 Testing: testSymbolicEliminationTree
67/230 Test: testSymbolicEliminationTree
Command: "/home/jkang/gtsam/build/gtsam/symbolic/tests/testSymbolicEliminationTree"
Directory: /home/jkang/gtsam/build/gtsam/symbolic/tests
"testSymbolicEliminationTree" start time: Feb 02 14:28 EST
Output:
----------------------------------------------------------
There were no test failures
<end of output>
Test time =   0.01 sec
----------------------------------------------------------
Test Passed.
"testSymbolicEliminationTree" end time: Feb 02 14:28 EST
"testSymbolicEliminationTree" time elapsed: 00:00:00
----------------------------------------------------------

68/230 Testing: testSymbolicJunctionTree
68/230 Test: testSymbolicJunctionTree
Command: "/home/jkang/gtsam/build/gtsam/symbolic/tests/testSymbolicJunctionTree"
Directory: /home/jkang/gtsam/build/gtsam/symbolic/tests
"testSymbolicJunctionTree" start time: Feb 02 14:28 EST
Output:
----------------------------------------------------------
There were no test failures
<end of output>
Test time =   0.01 sec
----------------------------------------------------------
Test Passed.
"testSymbolicJunctionTree" end time: Feb 02 14:28 EST
"testSymbolicJunctionTree" time elapsed: 00:00:00
----------------------------------------------------------

69/230 Testing: testSymbolicBayesTree
69/230 Test: testSymbolicBayesTree
Command: "/home/jkang/gtsam/build/gtsam/symbolic/tests/testSymbolicBayesTree"
Directory: /home/jkang/gtsam/build/gtsam/symbolic/tests
"testSymbolicBayesTree" start time: Feb 02 14:28 EST
Output:
----------------------------------------------------------
There were no test failures
<end of output>
Test time =   0.03 sec
----------------------------------------------------------
Test Passed.
"testSymbolicBayesTree" end time: Feb 02 14:28 EST
"testSymbolicBayesTree" time elapsed: 00:00:00
----------------------------------------------------------

70/230 Testing: testDiscreteBayesTree
70/230 Test: testDiscreteBayesTree
Command: "/home/jkang/gtsam/build/gtsam/discrete/tests/testDiscreteBayesTree"
Directory: /home/jkang/gtsam/build/gtsam/discrete/tests
"testDiscreteBayesTree" start time: Feb 02 14:28 EST
Output:
----------------------------------------------------------
There were no test failures
<end of output>
Test time =   0.00 sec
----------------------------------------------------------
Test Passed.
"testDiscreteBayesTree" end time: Feb 02 14:28 EST
"testDiscreteBayesTree" time elapsed: 00:00:00
----------------------------------------------------------

71/230 Testing: testDecisionTreeFactor
71/230 Test: testDecisionTreeFactor
Command: "/home/jkang/gtsam/build/gtsam/discrete/tests/testDecisionTreeFactor"
Directory: /home/jkang/gtsam/build/gtsam/discrete/tests
"testDecisionTreeFactor" start time: Feb 02 14:28 EST
Output:
----------------------------------------------------------
There were no test failures
<end of output>
Test time =   0.02 sec
----------------------------------------------------------
Test Passed.
"testDecisionTreeFactor" end time: Feb 02 14:28 EST
"testDecisionTreeFactor" time elapsed: 00:00:00
----------------------------------------------------------

72/230 Testing: testDecisionTree
72/230 Test: testDecisionTree
Command: "/home/jkang/gtsam/build/gtsam/discrete/tests/testDecisionTree"
Directory: /home/jkang/gtsam/build/gtsam/discrete/tests
"testDecisionTree" start time: Feb 02 14:28 EST
Output:
----------------------------------------------------------
There were no test failures
<end of output>
Test time =   0.01 sec
----------------------------------------------------------
Test Passed.
"testDecisionTree" end time: Feb 02 14:28 EST
"testDecisionTree" time elapsed: 00:00:00
----------------------------------------------------------

73/230 Testing: testDiscreteMarginals
73/230 Test: testDiscreteMarginals
Command: "/home/jkang/gtsam/build/gtsam/discrete/tests/testDiscreteMarginals"
Directory: /home/jkang/gtsam/build/gtsam/discrete/tests
"testDiscreteMarginals" start time: Feb 02 14:28 EST
Output:
----------------------------------------------------------
There were no test failures
<end of output>
Test time =   0.02 sec
----------------------------------------------------------
Test Passed.
"testDiscreteMarginals" end time: Feb 02 14:28 EST
"testDiscreteMarginals" time elapsed: 00:00:00
----------------------------------------------------------

74/230 Testing: testSignature
74/230 Test: testSignature
Command: "/home/jkang/gtsam/build/gtsam/discrete/tests/testSignature"
Directory: /home/jkang/gtsam/build/gtsam/discrete/tests
"testSignature" start time: Feb 02 14:28 EST
Output:
----------------------------------------------------------
There were no test failures
<end of output>
Test time =   0.03 sec
----------------------------------------------------------
Test Passed.
"testSignature" end time: Feb 02 14:28 EST
"testSignature" time elapsed: 00:00:00
----------------------------------------------------------

75/230 Testing: testDiscreteFactorGraph
75/230 Test: testDiscreteFactorGraph
Command: "/home/jkang/gtsam/build/gtsam/discrete/tests/testDiscreteFactorGraph"
Directory: /home/jkang/gtsam/build/gtsam/discrete/tests
"testDiscreteFactorGraph" start time: Feb 02 14:28 EST
Output:
----------------------------------------------------------
There were no test failures
<end of output>
Test time =   0.02 sec
----------------------------------------------------------
Test Passed.
"testDiscreteFactorGraph" end time: Feb 02 14:28 EST
"testDiscreteFactorGraph" time elapsed: 00:00:00
----------------------------------------------------------

76/230 Testing: testDiscreteBayesNet
76/230 Test: testDiscreteBayesNet
Command: "/home/jkang/gtsam/build/gtsam/discrete/tests/testDiscreteBayesNet"
Directory: /home/jkang/gtsam/build/gtsam/discrete/tests
"testDiscreteBayesNet" start time: Feb 02 14:28 EST
Output:
----------------------------------------------------------
There were no test failures
<end of output>
Test time =   0.01 sec
----------------------------------------------------------
Test Passed.
"testDiscreteBayesNet" end time: Feb 02 14:28 EST
"testDiscreteBayesNet" time elapsed: 00:00:00
----------------------------------------------------------

77/230 Testing: testAlgebraicDecisionTree
77/230 Test: testAlgebraicDecisionTree
Command: "/home/jkang/gtsam/build/gtsam/discrete/tests/testAlgebraicDecisionTree"
Directory: /home/jkang/gtsam/build/gtsam/discrete/tests
"testAlgebraicDecisionTree" start time: Feb 02 14:28 EST
Output:
----------------------------------------------------------
There were no test failures
<end of output>
Test time =   0.02 sec
----------------------------------------------------------
Test Passed.
"testAlgebraicDecisionTree" end time: Feb 02 14:28 EST
"testAlgebraicDecisionTree" time elapsed: 00:00:00
----------------------------------------------------------

78/230 Testing: testDiscreteFactor
78/230 Test: testDiscreteFactor
Command: "/home/jkang/gtsam/build/gtsam/discrete/tests/testDiscreteFactor"
Directory: /home/jkang/gtsam/build/gtsam/discrete/tests
"testDiscreteFactor" start time: Feb 02 14:28 EST
Output:
----------------------------------------------------------
There were no test failures
<end of output>
Test time =   0.01 sec
----------------------------------------------------------
Test Passed.
"testDiscreteFactor" end time: Feb 02 14:28 EST
"testDiscreteFactor" time elapsed: 00:00:00
----------------------------------------------------------

79/230 Testing: testDiscreteConditional
79/230 Test: testDiscreteConditional
Command: "/home/jkang/gtsam/build/gtsam/discrete/tests/testDiscreteConditional"
Directory: /home/jkang/gtsam/build/gtsam/discrete/tests
"testDiscreteConditional" start time: Feb 02 14:28 EST
Output:
----------------------------------------------------------
There were no test failures
<end of output>
Test time =   0.01 sec
----------------------------------------------------------
Test Passed.
"testDiscreteConditional" end time: Feb 02 14:28 EST
"testDiscreteConditional" time elapsed: 00:00:00
----------------------------------------------------------

80/230 Testing: testHessianFactor
80/230 Test: testHessianFactor
Command: "/home/jkang/gtsam/build/gtsam/linear/tests/testHessianFactor"
Directory: /home/jkang/gtsam/build/gtsam/linear/tests
"testHessianFactor" start time: Feb 02 14:28 EST
Output:
----------------------------------------------------------
There were no test failures
<end of output>
Test time =   0.02 sec
----------------------------------------------------------
Test Passed.
"testHessianFactor" end time: Feb 02 14:28 EST
"testHessianFactor" time elapsed: 00:00:00
----------------------------------------------------------

81/230 Testing: testGaussianBayesNet
81/230 Test: testGaussianBayesNet
Command: "/home/jkang/gtsam/build/gtsam/linear/tests/testGaussianBayesNet"
Directory: /home/jkang/gtsam/build/gtsam/linear/tests
"testGaussianBayesNet" start time: Feb 02 14:28 EST
Output:
----------------------------------------------------------
There were no test failures
<end of output>
Test time =   0.02 sec
----------------------------------------------------------
Test Passed.
"testGaussianBayesNet" end time: Feb 02 14:28 EST
"testGaussianBayesNet" time elapsed: 00:00:00
----------------------------------------------------------

82/230 Testing: testSampler
82/230 Test: testSampler
Command: "/home/jkang/gtsam/build/gtsam/linear/tests/testSampler"
Directory: /home/jkang/gtsam/build/gtsam/linear/tests
"testSampler" start time: Feb 02 14:28 EST
Output:
----------------------------------------------------------
There were no test failures
<end of output>
Test time =   0.03 sec
----------------------------------------------------------
Test Passed.
"testSampler" end time: Feb 02 14:28 EST
"testSampler" time elapsed: 00:00:00
----------------------------------------------------------

83/230 Testing: testErrors
83/230 Test: testErrors
Command: "/home/jkang/gtsam/build/gtsam/linear/tests/testErrors"
Directory: /home/jkang/gtsam/build/gtsam/linear/tests
"testErrors" start time: Feb 02 14:28 EST
Output:
----------------------------------------------------------
There were no test failures
<end of output>
Test time =   0.02 sec
----------------------------------------------------------
Test Passed.
"testErrors" end time: Feb 02 14:28 EST
"testErrors" time elapsed: 00:00:00
----------------------------------------------------------

84/230 Testing: testGaussianBayesTree
84/230 Test: testGaussianBayesTree
Command: "/home/jkang/gtsam/build/gtsam/linear/tests/testGaussianBayesTree"
Directory: /home/jkang/gtsam/build/gtsam/linear/tests
"testGaussianBayesTree" start time: Feb 02 14:28 EST
Output:
----------------------------------------------------------
There were no test failures
<end of output>
Test time =   0.02 sec
----------------------------------------------------------
Test Passed.
"testGaussianBayesTree" end time: Feb 02 14:28 EST
"testGaussianBayesTree" time elapsed: 00:00:00
----------------------------------------------------------

85/230 Testing: testRegularHessianFactor
85/230 Test: testRegularHessianFactor
Command: "/home/jkang/gtsam/build/gtsam/linear/tests/testRegularHessianFactor"
Directory: /home/jkang/gtsam/build/gtsam/linear/tests
"testRegularHessianFactor" start time: Feb 02 14:28 EST
Output:
----------------------------------------------------------
There were no test failures
<end of output>
Test time =   0.02 sec
----------------------------------------------------------
Test Passed.
"testRegularHessianFactor" end time: Feb 02 14:28 EST
"testRegularHessianFactor" time elapsed: 00:00:00
----------------------------------------------------------

86/230 Testing: testGaussianConditional
86/230 Test: testGaussianConditional
Command: "/home/jkang/gtsam/build/gtsam/linear/tests/testGaussianConditional"
Directory: /home/jkang/gtsam/build/gtsam/linear/tests
"testGaussianConditional" start time: Feb 02 14:28 EST
Output:
----------------------------------------------------------
There were no test failures
<end of output>
Test time =   0.01 sec
----------------------------------------------------------
Test Passed.
"testGaussianConditional" end time: Feb 02 14:28 EST
"testGaussianConditional" time elapsed: 00:00:00
----------------------------------------------------------

87/230 Testing: testGaussianDensity
87/230 Test: testGaussianDensity
Command: "/home/jkang/gtsam/build/gtsam/linear/tests/testGaussianDensity"
Directory: /home/jkang/gtsam/build/gtsam/linear/tests
"testGaussianDensity" start time: Feb 02 14:28 EST
Output:
----------------------------------------------------------
There were no test failures
<end of output>
Test time =   0.01 sec
----------------------------------------------------------
Test Passed.
"testGaussianDensity" end time: Feb 02 14:28 EST
"testGaussianDensity" time elapsed: 00:00:00
----------------------------------------------------------

88/230 Testing: testSerializationLinear
88/230 Test: testSerializationLinear
Command: "/home/jkang/gtsam/build/gtsam/linear/tests/testSerializationLinear"
Directory: /home/jkang/gtsam/build/gtsam/linear/tests
"testSerializationLinear" start time: Feb 02 14:28 EST
Output:
----------------------------------------------------------
There were no test failures
<end of output>
Test time =   0.03 sec
----------------------------------------------------------
Test Passed.
"testSerializationLinear" end time: Feb 02 14:28 EST
"testSerializationLinear" time elapsed: 00:00:00
----------------------------------------------------------

89/230 Testing: testJacobianFactor
89/230 Test: testJacobianFactor
Command: "/home/jkang/gtsam/build/gtsam/linear/tests/testJacobianFactor"
Directory: /home/jkang/gtsam/build/gtsam/linear/tests
"testJacobianFactor" start time: Feb 02 14:28 EST
Output:
----------------------------------------------------------
There were no test failures
<end of output>
Test time =   0.01 sec
----------------------------------------------------------
Test Passed.
"testJacobianFactor" end time: Feb 02 14:28 EST
"testJacobianFactor" time elapsed: 00:00:00
----------------------------------------------------------

90/230 Testing: testKalmanFilter
90/230 Test: testKalmanFilter
Command: "/home/jkang/gtsam/build/gtsam/linear/tests/testKalmanFilter"
Directory: /home/jkang/gtsam/build/gtsam/linear/tests
"testKalmanFilter" start time: Feb 02 14:28 EST
Output:
----------------------------------------------------------
There were no test failures
<end of output>
Test time =   0.03 sec
----------------------------------------------------------
Test Passed.
"testKalmanFilter" end time: Feb 02 14:28 EST
"testKalmanFilter" time elapsed: 00:00:00
----------------------------------------------------------

91/230 Testing: testScatter
91/230 Test: testScatter
Command: "/home/jkang/gtsam/build/gtsam/linear/tests/testScatter"
Directory: /home/jkang/gtsam/build/gtsam/linear/tests
"testScatter" start time: Feb 02 14:28 EST
Output:
----------------------------------------------------------
There were no test failures
<end of output>
Test time =   0.01 sec
----------------------------------------------------------
Test Passed.
"testScatter" end time: Feb 02 14:28 EST
"testScatter" time elapsed: 00:00:00
----------------------------------------------------------

92/230 Testing: testVectorValues
92/230 Test: testVectorValues
Command: "/home/jkang/gtsam/build/gtsam/linear/tests/testVectorValues"
Directory: /home/jkang/gtsam/build/gtsam/linear/tests
"testVectorValues" start time: Feb 02 14:28 EST
Output:
----------------------------------------------------------
There were no test failures
<end of output>
Test time =   0.01 sec
----------------------------------------------------------
Test Passed.
"testVectorValues" end time: Feb 02 14:28 EST
"testVectorValues" time elapsed: 00:00:00
----------------------------------------------------------

93/230 Testing: testGaussianFactorGraph
93/230 Test: testGaussianFactorGraph
Command: "/home/jkang/gtsam/build/gtsam/linear/tests/testGaussianFactorGraph"
Directory: /home/jkang/gtsam/build/gtsam/linear/tests
"testGaussianFactorGraph" start time: Feb 02 14:28 EST
Output:
----------------------------------------------------------
There were no test failures
<end of output>
Test time =   0.02 sec
----------------------------------------------------------
Test Passed.
"testGaussianFactorGraph" end time: Feb 02 14:28 EST
"testGaussianFactorGraph" time elapsed: 00:00:00
----------------------------------------------------------

94/230 Testing: testRegularJacobianFactor
94/230 Test: testRegularJacobianFactor
Command: "/home/jkang/gtsam/build/gtsam/linear/tests/testRegularJacobianFactor"
Directory: /home/jkang/gtsam/build/gtsam/linear/tests
"testRegularJacobianFactor" start time: Feb 02 14:28 EST
Output:
----------------------------------------------------------
There were no test failures
<end of output>
Test time =   0.01 sec
----------------------------------------------------------
Test Passed.
"testRegularJacobianFactor" end time: Feb 02 14:28 EST
"testRegularJacobianFactor" time elapsed: 00:00:00
----------------------------------------------------------

95/230 Testing: testNoiseModel
95/230 Test: testNoiseModel
Command: "/home/jkang/gtsam/build/gtsam/linear/tests/testNoiseModel"
Directory: /home/jkang/gtsam/build/gtsam/linear/tests
"testNoiseModel" start time: Feb 02 14:28 EST
Output:
----------------------------------------------------------
There were no test failures
<end of output>
Test time =   0.01 sec
----------------------------------------------------------
Test Passed.
"testNoiseModel" end time: Feb 02 14:28 EST
"testNoiseModel" time elapsed: 00:00:00
----------------------------------------------------------

96/230 Testing: testValues
96/230 Test: testValues
Command: "/home/jkang/gtsam/build/gtsam/nonlinear/tests/testValues"
Directory: /home/jkang/gtsam/build/gtsam/nonlinear/tests
"testValues" start time: Feb 02 14:28 EST
Output:
----------------------------------------------------------
There were no test failures
<end of output>
Test time =   0.02 sec
----------------------------------------------------------
Test Passed.
"testValues" end time: Feb 02 14:28 EST
"testValues" time elapsed: 00:00:00
----------------------------------------------------------

97/230 Testing: testSerializationNonlinear
97/230 Test: testSerializationNonlinear
Command: "/home/jkang/gtsam/build/gtsam/nonlinear/tests/testSerializationNonlinear"
Directory: /home/jkang/gtsam/build/gtsam/nonlinear/tests
"testSerializationNonlinear" start time: Feb 02 14:28 EST
Output:
----------------------------------------------------------
There were no test failures
<end of output>
Test time =   0.02 sec
----------------------------------------------------------
Test Passed.
"testSerializationNonlinear" end time: Feb 02 14:28 EST
"testSerializationNonlinear" time elapsed: 00:00:00
----------------------------------------------------------

98/230 Testing: testLinearContainerFactor
98/230 Test: testLinearContainerFactor
Command: "/home/jkang/gtsam/build/gtsam/nonlinear/tests/testLinearContainerFactor"
Directory: /home/jkang/gtsam/build/gtsam/nonlinear/tests
"testLinearContainerFactor" start time: Feb 02 14:28 EST
Output:
----------------------------------------------------------
There were no test failures
<end of output>
Test time =   0.03 sec
----------------------------------------------------------
Test Passed.
"testLinearContainerFactor" end time: Feb 02 14:28 EST
"testLinearContainerFactor" time elapsed: 00:00:00
----------------------------------------------------------

99/230 Testing: testExecutionTrace
99/230 Test: testExecutionTrace
Command: "/home/jkang/gtsam/build/gtsam/nonlinear/tests/testExecutionTrace"
Directory: /home/jkang/gtsam/build/gtsam/nonlinear/tests
"testExecutionTrace" start time: Feb 02 14:28 EST
Output:
----------------------------------------------------------
There were no test failures
<end of output>
Test time =   0.02 sec
----------------------------------------------------------
Test Passed.
"testExecutionTrace" end time: Feb 02 14:28 EST
"testExecutionTrace" time elapsed: 00:00:00
----------------------------------------------------------

100/230 Testing: testCallRecord
100/230 Test: testCallRecord
Command: "/home/jkang/gtsam/build/gtsam/nonlinear/tests/testCallRecord"
Directory: /home/jkang/gtsam/build/gtsam/nonlinear/tests
"testCallRecord" start time: Feb 02 14:28 EST
Output:
----------------------------------------------------------
There were no test failures
<end of output>
Test time =   0.01 sec
----------------------------------------------------------
Test Passed.
"testCallRecord" end time: Feb 02 14:28 EST
"testCallRecord" time elapsed: 00:00:00
----------------------------------------------------------

101/230 Testing: testAdaptAutoDiff
101/230 Test: testAdaptAutoDiff
Command: "/home/jkang/gtsam/build/gtsam/nonlinear/tests/testAdaptAutoDiff"
Directory: /home/jkang/gtsam/build/gtsam/nonlinear/tests
"testAdaptAutoDiff" start time: Feb 02 14:28 EST
Output:
----------------------------------------------------------
There were no test failures
<end of output>
Test time =   0.02 sec
----------------------------------------------------------
Test Passed.
"testAdaptAutoDiff" end time: Feb 02 14:28 EST
"testAdaptAutoDiff" time elapsed: 00:00:00
----------------------------------------------------------

102/230 Testing: testWhiteNoiseFactor
102/230 Test: testWhiteNoiseFactor
Command: "/home/jkang/gtsam/build/gtsam/nonlinear/tests/testWhiteNoiseFactor"
Directory: /home/jkang/gtsam/build/gtsam/nonlinear/tests
"testWhiteNoiseFactor" start time: Feb 02 14:28 EST
Output:
----------------------------------------------------------
There were no test failures
<end of output>
Test time =   0.01 sec
----------------------------------------------------------
Test Passed.
"testWhiteNoiseFactor" end time: Feb 02 14:28 EST
"testWhiteNoiseFactor" time elapsed: 00:00:00
----------------------------------------------------------

103/230 Testing: testExpression
103/230 Test: testExpression
Command: "/home/jkang/gtsam/build/gtsam/nonlinear/tests/testExpression"
Directory: /home/jkang/gtsam/build/gtsam/nonlinear/tests
"testExpression" start time: Feb 02 14:28 EST
Output:
----------------------------------------------------------
There were no test failures
<end of output>
Test time =   0.01 sec
----------------------------------------------------------
Test Passed.
"testExpression" end time: Feb 02 14:28 EST
"testExpression" time elapsed: 00:00:00
----------------------------------------------------------

104/230 Testing: testRangeFactor
104/230 Test: testRangeFactor
Command: "/home/jkang/gtsam/build/gtsam/sam/tests/testRangeFactor"
Directory: /home/jkang/gtsam/build/gtsam/sam/tests
"testRangeFactor" start time: Feb 02 14:28 EST
Output:
----------------------------------------------------------
There were no test failures
<end of output>
Test time =   0.02 sec
----------------------------------------------------------
Test Passed.
"testRangeFactor" end time: Feb 02 14:28 EST
"testRangeFactor" time elapsed: 00:00:00
----------------------------------------------------------

105/230 Testing: testBearingRangeFactor
105/230 Test: testBearingRangeFactor
Command: "/home/jkang/gtsam/build/gtsam/sam/tests/testBearingRangeFactor"
Directory: /home/jkang/gtsam/build/gtsam/sam/tests
"testBearingRangeFactor" start time: Feb 02 14:28 EST
Output:
----------------------------------------------------------
There were no test failures
<end of output>
Test time =   0.02 sec
----------------------------------------------------------
Test Passed.
"testBearingRangeFactor" end time: Feb 02 14:28 EST
"testBearingRangeFactor" time elapsed: 00:00:00
----------------------------------------------------------

106/230 Testing: testBearingFactor
106/230 Test: testBearingFactor
Command: "/home/jkang/gtsam/build/gtsam/sam/tests/testBearingFactor"
Directory: /home/jkang/gtsam/build/gtsam/sam/tests
"testBearingFactor" start time: Feb 02 14:28 EST
Output:
----------------------------------------------------------
There were no test failures
<end of output>
Test time =   0.03 sec
----------------------------------------------------------
Test Passed.
"testBearingFactor" end time: Feb 02 14:28 EST
"testBearingFactor" time elapsed: 00:00:00
----------------------------------------------------------

107/230 Testing: testSmartProjectionCameraFactor
107/230 Test: testSmartProjectionCameraFactor
Command: "/home/jkang/gtsam/build/gtsam/slam/tests/testSmartProjectionCameraFactor"
Directory: /home/jkang/gtsam/build/gtsam/slam/tests
"testSmartProjectionCameraFactor" start time: Feb 02 14:28 EST
Output:
----------------------------------------------------------
There were no test failures
<end of output>
Test time =   0.05 sec
----------------------------------------------------------
Test Passed.
"testSmartProjectionCameraFactor" end time: Feb 02 14:28 EST
"testSmartProjectionCameraFactor" time elapsed: 00:00:00
----------------------------------------------------------

108/230 Testing: testPriorFactor
108/230 Test: testPriorFactor
Command: "/home/jkang/gtsam/build/gtsam/slam/tests/testPriorFactor"
Directory: /home/jkang/gtsam/build/gtsam/slam/tests
"testPriorFactor" start time: Feb 02 14:28 EST
Output:
----------------------------------------------------------
There were no test failures
<end of output>
Test time =   0.01 sec
----------------------------------------------------------
Test Passed.
"testPriorFactor" end time: Feb 02 14:28 EST
"testPriorFactor" time elapsed: 00:00:00
----------------------------------------------------------

109/230 Testing: testEssentialMatrixConstraint
109/230 Test: testEssentialMatrixConstraint
Command: "/home/jkang/gtsam/build/gtsam/slam/tests/testEssentialMatrixConstraint"
Directory: /home/jkang/gtsam/build/gtsam/slam/tests
"testEssentialMatrixConstraint" start time: Feb 02 14:28 EST
Output:
----------------------------------------------------------
There were no test failures
<end of output>
Test time =   0.01 sec
----------------------------------------------------------
Test Passed.
"testEssentialMatrixConstraint" end time: Feb 02 14:28 EST
"testEssentialMatrixConstraint" time elapsed: 00:00:00
----------------------------------------------------------

110/230 Testing: testEssentialMatrixFactor
110/230 Test: testEssentialMatrixFactor
Command: "/home/jkang/gtsam/build/gtsam/slam/tests/testEssentialMatrixFactor"
Directory: /home/jkang/gtsam/build/gtsam/slam/tests
"testEssentialMatrixFactor" start time: Feb 02 14:28 EST
Output:
----------------------------------------------------------
There were no test failures
<end of output>
Test time =   0.02 sec
----------------------------------------------------------
Test Passed.
"testEssentialMatrixFactor" end time: Feb 02 14:28 EST
"testEssentialMatrixFactor" time elapsed: 00:00:00
----------------------------------------------------------

111/230 Testing: testBetweenFactor
111/230 Test: testBetweenFactor
Command: "/home/jkang/gtsam/build/gtsam/slam/tests/testBetweenFactor"
Directory: /home/jkang/gtsam/build/gtsam/slam/tests
"testBetweenFactor" start time: Feb 02 14:28 EST
Output:
----------------------------------------------------------
There were no test failures
<end of output>
Test time =   0.01 sec
----------------------------------------------------------
Test Passed.
"testBetweenFactor" end time: Feb 02 14:28 EST
"testBetweenFactor" time elapsed: 00:00:00
----------------------------------------------------------

112/230 Testing: testSmartFactorBase
112/230 Test: testSmartFactorBase
Command: "/home/jkang/gtsam/build/gtsam/slam/tests/testSmartFactorBase"
Directory: /home/jkang/gtsam/build/gtsam/slam/tests
"testSmartFactorBase" start time: Feb 02 14:28 EST
Output:
----------------------------------------------------------
There were no test failures
<end of output>
Test time =   0.02 sec
----------------------------------------------------------
Test Passed.
"testSmartFactorBase" end time: Feb 02 14:28 EST
"testSmartFactorBase" time elapsed: 00:00:00
----------------------------------------------------------

113/230 Testing: testPoseTranslationPrior
113/230 Test: testPoseTranslationPrior
Command: "/home/jkang/gtsam/build/gtsam/slam/tests/testPoseTranslationPrior"
Directory: /home/jkang/gtsam/build/gtsam/slam/tests
"testPoseTranslationPrior" start time: Feb 02 14:28 EST
Output:
----------------------------------------------------------
There were no test failures
<end of output>
Test time =   0.02 sec
----------------------------------------------------------
Test Passed.
"testPoseTranslationPrior" end time: Feb 02 14:28 EST
"testPoseTranslationPrior" time elapsed: 00:00:00
----------------------------------------------------------

114/230 Testing: testStereoFactor
114/230 Test: testStereoFactor
Command: "/home/jkang/gtsam/build/gtsam/slam/tests/testStereoFactor"
Directory: /home/jkang/gtsam/build/gtsam/slam/tests
"testStereoFactor" start time: Feb 02 14:28 EST
Output:
----------------------------------------------------------
There were no test failures
<end of output>
Test time =   0.03 sec
----------------------------------------------------------
Test Passed.
"testStereoFactor" end time: Feb 02 14:28 EST
"testStereoFactor" time elapsed: 00:00:00
----------------------------------------------------------

115/230 Testing: testRegularImplicitSchurFactor
115/230 Test: testRegularImplicitSchurFactor
Command: "/home/jkang/gtsam/build/gtsam/slam/tests/testRegularImplicitSchurFactor"
Directory: /home/jkang/gtsam/build/gtsam/slam/tests
"testRegularImplicitSchurFactor" start time: Feb 02 14:28 EST
Output:
----------------------------------------------------------
There were no test failures
<end of output>
Test time =   0.01 sec
----------------------------------------------------------
Test Passed.
"testRegularImplicitSchurFactor" end time: Feb 02 14:28 EST
"testRegularImplicitSchurFactor" time elapsed: 00:00:00
----------------------------------------------------------

116/230 Testing: testReferenceFrameFactor
116/230 Test: testReferenceFrameFactor
Command: "/home/jkang/gtsam/build/gtsam/slam/tests/testReferenceFrameFactor"
Directory: /home/jkang/gtsam/build/gtsam/slam/tests
"testReferenceFrameFactor" start time: Feb 02 14:28 EST
Output:
----------------------------------------------------------
There were no test failures
<end of output>
Test time =   0.02 sec
----------------------------------------------------------
Test Passed.
"testReferenceFrameFactor" end time: Feb 02 14:28 EST
"testReferenceFrameFactor" time elapsed: 00:00:00
----------------------------------------------------------

117/230 Testing: testGeneralSFMFactor
117/230 Test: testGeneralSFMFactor
Command: "/home/jkang/gtsam/build/gtsam/slam/tests/testGeneralSFMFactor"
Directory: /home/jkang/gtsam/build/gtsam/slam/tests
"testGeneralSFMFactor" start time: Feb 02 14:28 EST
Output:
----------------------------------------------------------
There were no test failures
<end of output>
Test time =   0.04 sec
----------------------------------------------------------
Test Passed.
"testGeneralSFMFactor" end time: Feb 02 14:28 EST
"testGeneralSFMFactor" time elapsed: 00:00:00
----------------------------------------------------------

118/230 Testing: testTriangulationFactor
118/230 Test: testTriangulationFactor
Command: "/home/jkang/gtsam/build/gtsam/slam/tests/testTriangulationFactor"
Directory: /home/jkang/gtsam/build/gtsam/slam/tests
"testTriangulationFactor" start time: Feb 02 14:28 EST
Output:
----------------------------------------------------------
There were no test failures
<end of output>
Test time =   0.01 sec
----------------------------------------------------------
Test Passed.
"testTriangulationFactor" end time: Feb 02 14:28 EST
"testTriangulationFactor" time elapsed: 00:00:00
----------------------------------------------------------

119/230 Testing: testSlamExpressions
119/230 Test: testSlamExpressions
Command: "/home/jkang/gtsam/build/gtsam/slam/tests/testSlamExpressions"
Directory: /home/jkang/gtsam/build/gtsam/slam/tests
"testSlamExpressions" start time: Feb 02 14:28 EST
Output:
----------------------------------------------------------
There were no test failures
<end of output>
Test time =   0.04 sec
----------------------------------------------------------
Test Passed.
"testSlamExpressions" end time: Feb 02 14:28 EST
"testSlamExpressions" time elapsed: 00:00:00
----------------------------------------------------------

120/230 Testing: testGeneralSFMFactor_Cal3Bundler
120/230 Test: testGeneralSFMFactor_Cal3Bundler
Command: "/home/jkang/gtsam/build/gtsam/slam/tests/testGeneralSFMFactor_Cal3Bundler"
Directory: /home/jkang/gtsam/build/gtsam/slam/tests
"testGeneralSFMFactor_Cal3Bundler" start time: Feb 02 14:28 EST
Output:
----------------------------------------------------------
There were no test failures
<end of output>
Test time =   0.03 sec
----------------------------------------------------------
Test Passed.
"testGeneralSFMFactor_Cal3Bundler" end time: Feb 02 14:28 EST
"testGeneralSFMFactor_Cal3Bundler" time elapsed: 00:00:00
----------------------------------------------------------

121/230 Testing: testSmartProjectionPoseFactor
121/230 Test: testSmartProjectionPoseFactor
Command: "/home/jkang/gtsam/build/gtsam/slam/tests/testSmartProjectionPoseFactor"
Directory: /home/jkang/gtsam/build/gtsam/slam/tests
"testSmartProjectionPoseFactor" start time: Feb 02 14:28 EST
Output:
----------------------------------------------------------
There were no test failures
<end of output>
Test time =   0.04 sec
----------------------------------------------------------
Test Passed.
"testSmartProjectionPoseFactor" end time: Feb 02 14:28 EST
"testSmartProjectionPoseFactor" time elapsed: 00:00:00
----------------------------------------------------------

122/230 Testing: testLago
122/230 Test: testLago
Command: "/home/jkang/gtsam/build/gtsam/slam/tests/testLago"
Directory: /home/jkang/gtsam/build/gtsam/slam/tests
"testLago" start time: Feb 02 14:28 EST
Output:
----------------------------------------------------------
There were no test failures
<end of output>
Test time =   0.03 sec
----------------------------------------------------------
Test Passed.
"testLago" end time: Feb 02 14:28 EST
"testLago" time elapsed: 00:00:00
----------------------------------------------------------

123/230 Testing: testProjectionFactor
123/230 Test: testProjectionFactor
Command: "/home/jkang/gtsam/build/gtsam/slam/tests/testProjectionFactor"
Directory: /home/jkang/gtsam/build/gtsam/slam/tests
"testProjectionFactor" start time: Feb 02 14:28 EST
Output:
----------------------------------------------------------
There were no test failures
<end of output>
Test time =   0.02 sec
----------------------------------------------------------
Test Passed.
"testProjectionFactor" end time: Feb 02 14:28 EST
"testProjectionFactor" time elapsed: 00:00:00
----------------------------------------------------------

124/230 Testing: testInitializePose3
124/230 Test: testInitializePose3
Command: "/home/jkang/gtsam/build/gtsam/slam/tests/testInitializePose3"
Directory: /home/jkang/gtsam/build/gtsam/slam/tests
"testInitializePose3" start time: Feb 02 14:28 EST
Output:
----------------------------------------------------------
 b 1 f0 0.821026 a 6.01053 rho 12.0211 stepsize 0.0415936 maxNodeDeg 4
nr of gradient iterations 1maxGrad 0.85189
 b 1 f0 0.821026 a 6.01053 rho 12.0211 stepsize 0.0415936 maxNodeDeg 4
nr of gradient iterations 10maxGrad 2.00427
There were no test failures
<end of output>
Test time =   0.04 sec
----------------------------------------------------------
Test Passed.
"testInitializePose3" end time: Feb 02 14:28 EST
"testInitializePose3" time elapsed: 00:00:00
----------------------------------------------------------

125/230 Testing: testPoseRotationPrior
125/230 Test: testPoseRotationPrior
Command: "/home/jkang/gtsam/build/gtsam/slam/tests/testPoseRotationPrior"
Directory: /home/jkang/gtsam/build/gtsam/slam/tests
"testPoseRotationPrior" start time: Feb 02 14:28 EST
Output:
----------------------------------------------------------
There were no test failures
<end of output>
Test time =   0.01 sec
----------------------------------------------------------
Test Passed.
"testPoseRotationPrior" end time: Feb 02 14:28 EST
"testPoseRotationPrior" time elapsed: 00:00:00
----------------------------------------------------------

126/230 Testing: testAntiFactor
126/230 Test: testAntiFactor
Command: "/home/jkang/gtsam/build/gtsam/slam/tests/testAntiFactor"
Directory: /home/jkang/gtsam/build/gtsam/slam/tests
"testAntiFactor" start time: Feb 02 14:28 EST
Output:
----------------------------------------------------------
There were no test failures
<end of output>
Test time =   0.02 sec
----------------------------------------------------------
Test Passed.
"testAntiFactor" end time: Feb 02 14:28 EST
"testAntiFactor" time elapsed: 00:00:00
----------------------------------------------------------

127/230 Testing: testDataset
127/230 Test: testDataset
Command: "/home/jkang/gtsam/build/gtsam/slam/tests/testDataset"
Directory: /home/jkang/gtsam/build/gtsam/slam/tests
"testDataset" start time: Feb 02 14:28 EST
Output:
----------------------------------------------------------
There were no test failures
<end of output>
Test time =   0.18 sec
----------------------------------------------------------
Test Passed.
"testDataset" end time: Feb 02 14:28 EST
"testDataset" time elapsed: 00:00:00
----------------------------------------------------------

128/230 Testing: testRotateFactor
128/230 Test: testRotateFactor
Command: "/home/jkang/gtsam/build/gtsam/slam/tests/testRotateFactor"
Directory: /home/jkang/gtsam/build/gtsam/slam/tests
"testRotateFactor" start time: Feb 02 14:28 EST
Output:
----------------------------------------------------------
There were no test failures
<end of output>
Test time =   0.02 sec
----------------------------------------------------------
Test Passed.
"testRotateFactor" end time: Feb 02 14:28 EST
"testRotateFactor" time elapsed: 00:00:00
----------------------------------------------------------

129/230 Testing: testOrientedPlane3Factor
129/230 Test: testOrientedPlane3Factor
Command: "/home/jkang/gtsam/build/gtsam/slam/tests/testOrientedPlane3Factor"
Directory: /home/jkang/gtsam/build/gtsam/slam/tests
"testOrientedPlane3Factor" start time: Feb 02 14:28 EST
Output:
----------------------------------------------------------
There were no test failures
<end of output>
Test time =   0.03 sec
----------------------------------------------------------
Test Passed.
"testOrientedPlane3Factor" end time: Feb 02 14:28 EST
"testOrientedPlane3Factor" time elapsed: 00:00:00
----------------------------------------------------------

130/230 Testing: testManifoldPreintegration
130/230 Test: testManifoldPreintegration
Command: "/home/jkang/gtsam/build/gtsam/navigation/tests/testManifoldPreintegration"
Directory: /home/jkang/gtsam/build/gtsam/navigation/tests
"testManifoldPreintegration" start time: Feb 02 14:28 EST
Output:
----------------------------------------------------------
There were no test failures
<end of output>
Test time =   0.04 sec
----------------------------------------------------------
Test Passed.
"testManifoldPreintegration" end time: Feb 02 14:28 EST
"testManifoldPreintegration" time elapsed: 00:00:00
----------------------------------------------------------

131/230 Testing: testCombinedImuFactor
131/230 Test: testCombinedImuFactor
Command: "/home/jkang/gtsam/build/gtsam/navigation/tests/testCombinedImuFactor"
Directory: /home/jkang/gtsam/build/gtsam/navigation/tests
"testCombinedImuFactor" start time: Feb 02 14:28 EST
Output:
----------------------------------------------------------
There were no test failures
<end of output>
Test time =   0.06 sec
----------------------------------------------------------
Test Passed.
"testCombinedImuFactor" end time: Feb 02 14:28 EST
"testCombinedImuFactor" time elapsed: 00:00:00
----------------------------------------------------------

132/230 Testing: testScenarios
132/230 Test: testScenarios
Command: "/home/jkang/gtsam/build/gtsam/navigation/tests/testScenarios"
Directory: /home/jkang/gtsam/build/gtsam/navigation/tests
"testScenarios" start time: Feb 02 14:28 EST
Output:
----------------------------------------------------------
There were no test failures
-Total: 0 CPU (0 times, 0 wall, 1.87 children, min: 0 max: 0)
|   -estimateCovariance: 1.87 CPU (17 times, 2.14032 wall, 1.87 children, min: 0 max: 0)
<end of output>
Test time =   2.15 sec
----------------------------------------------------------
Test Passed.
"testScenarios" end time: Feb 02 14:28 EST
"testScenarios" time elapsed: 00:00:02
----------------------------------------------------------

133/230 Testing: testTangentPreintegration
133/230 Test: testTangentPreintegration
Command: "/home/jkang/gtsam/build/gtsam/navigation/tests/testTangentPreintegration"
Directory: /home/jkang/gtsam/build/gtsam/navigation/tests
"testTangentPreintegration" start time: Feb 02 14:28 EST
Output:
----------------------------------------------------------
There were no test failures
<end of output>
Test time =   0.02 sec
----------------------------------------------------------
Test Passed.
"testTangentPreintegration" end time: Feb 02 14:28 EST
"testTangentPreintegration" time elapsed: 00:00:00
----------------------------------------------------------

134/230 Testing: testImuBias
134/230 Test: testImuBias
[...]
There were no test failures
<end of output>
Test time =   0.03 sec
----------------------------------------------------------
Test Passed.
"testConcurrentIncrementalSmootherDL" end time: Feb 02 14:28 EST
"testConcurrentIncrementalSmootherDL" time elapsed: 00:00:00
----------------------------------------------------------

202/230 Testing: testConcurrentIncrementalFilter
202/230 Test: testConcurrentIncrementalFilter
Command: "/home/jkang/gtsam/build/gtsam_unstable/nonlinear/tests/testConcurrentIncrementalFilter"
Directory: /home/jkang/gtsam/build/gtsam_unstable/nonlinear/tests
"testConcurrentIncrementalFilter" start time: Feb 02 14:28 EST
Output:
----------------------------------------------------------
There were no test failures
<end of output>
Test time =   0.04 sec
----------------------------------------------------------
Test Passed.
"testConcurrentIncrementalFilter" end time: Feb 02 14:28 EST
"testConcurrentIncrementalFilter" time elapsed: 00:00:00
----------------------------------------------------------

203/230 Testing: testNonlinearClusterTree
203/230 Test: testNonlinearClusterTree
Command: "/home/jkang/gtsam/build/gtsam_unstable/nonlinear/tests/testNonlinearClusterTree"
Directory: /home/jkang/gtsam/build/gtsam_unstable/nonlinear/tests
"testNonlinearClusterTree" start time: Feb 02 14:28 EST
Output:
----------------------------------------------------------
There were no test failures
<end of output>
Test time =   0.01 sec
----------------------------------------------------------
Test Passed.
"testNonlinearClusterTree" end time: Feb 02 14:28 EST
"testNonlinearClusterTree" time elapsed: 00:00:00
----------------------------------------------------------

204/230 Testing: testParticleFactor
204/230 Test: testParticleFactor
Command: "/home/jkang/gtsam/build/gtsam_unstable/nonlinear/tests/testParticleFactor"
Directory: /home/jkang/gtsam/build/gtsam_unstable/nonlinear/tests
"testParticleFactor" start time: Feb 02 14:28 EST
Output:
----------------------------------------------------------
There were no test failures
<end of output>
Test time =   0.01 sec
----------------------------------------------------------
Test Passed.
"testParticleFactor" end time: Feb 02 14:28 EST
"testParticleFactor" time elapsed: 00:00:00
----------------------------------------------------------

205/230 Testing: testConcurrentBatchFilter
205/230 Test: testConcurrentBatchFilter
Command: "/home/jkang/gtsam/build/gtsam_unstable/nonlinear/tests/testConcurrentBatchFilter"
Directory: /home/jkang/gtsam/build/gtsam_unstable/nonlinear/tests
"testConcurrentBatchFilter" start time: Feb 02 14:28 EST
Output:
----------------------------------------------------------
Warning:  Levenberg-Marquardt giving up because cannot decrease error with maximum lambda
Warning:  Levenberg-Marquardt giving up because cannot decrease error with maximum lambda
*********************** synchronize_2 ************************
*********************** synchronize_3 ************************
*********************** synchronize_5 ************************
*********************** removeFactors_topology_1 ************************
*********************** removeFactors_topology_2 ************************
*********************** removeFactors_topology_3 ************************
*********************** removeFactors_values ************************
There were no test failures
<end of output>
Test time =   0.05 sec
----------------------------------------------------------
Test Passed.
"testConcurrentBatchFilter" end time: Feb 02 14:28 EST
"testConcurrentBatchFilter" time elapsed: 00:00:00
----------------------------------------------------------

206/230 Testing: testLinearizedFactor
206/230 Test: testLinearizedFactor
Command: "/home/jkang/gtsam/build/gtsam_unstable/nonlinear/tests/testLinearizedFactor"
Directory: /home/jkang/gtsam/build/gtsam_unstable/nonlinear/tests
"testLinearizedFactor" start time: Feb 02 14:28 EST
Output:
----------------------------------------------------------
There were no test failures
<end of output>
Test time =   0.03 sec
----------------------------------------------------------
Test Passed.
"testLinearizedFactor" end time: Feb 02 14:28 EST
"testLinearizedFactor" time elapsed: 00:00:00
----------------------------------------------------------

207/230 Testing: testSmartStereoProjectionPoseFactor
207/230 Test: testSmartStereoProjectionPoseFactor
Command: "/home/jkang/gtsam/build/gtsam_unstable/slam/tests/testSmartStereoProjectionPoseFactor"
Directory: /home/jkang/gtsam/build/gtsam_unstable/slam/tests
"testSmartStereoProjectionPoseFactor" start time: Feb 02 14:28 EST
Output:
----------------------------------------------------------
There were no test failures
<end of output>
Test time =   0.03 sec
----------------------------------------------------------
Test Passed.
"testSmartStereoProjectionPoseFactor" end time: Feb 02 14:28 EST
"testSmartStereoProjectionPoseFactor" time elapsed: 00:00:00
----------------------------------------------------------

208/230 Testing: testProjectionFactorPPPC
208/230 Test: testProjectionFactorPPPC
Command: "/home/jkang/gtsam/build/gtsam_unstable/slam/tests/testProjectionFactorPPPC"
Directory: /home/jkang/gtsam/build/gtsam_unstable/slam/tests
"testProjectionFactorPPPC" start time: Feb 02 14:28 EST
Output:
----------------------------------------------------------
There were no test failures
<end of output>
Test time =   0.02 sec
----------------------------------------------------------
Test Passed.
"testProjectionFactorPPPC" end time: Feb 02 14:28 EST
"testProjectionFactorPPPC" time elapsed: 00:00:00
----------------------------------------------------------

209/230 Testing: testProjectionFactorPPP
209/230 Test: testProjectionFactorPPP
Command: "/home/jkang/gtsam/build/gtsam_unstable/slam/tests/testProjectionFactorPPP"
Directory: /home/jkang/gtsam/build/gtsam_unstable/slam/tests
"testProjectionFactorPPP" start time: Feb 02 14:28 EST
Output:
----------------------------------------------------------
There were no test failures
<end of output>
Test time =   0.01 sec
----------------------------------------------------------
Test Passed.
"testProjectionFactorPPP" end time: Feb 02 14:28 EST
"testProjectionFactorPPP" time elapsed: 00:00:00
----------------------------------------------------------

210/230 Testing: testPoseBetweenFactor
210/230 Test: testPoseBetweenFactor
Command: "/home/jkang/gtsam/build/gtsam_unstable/slam/tests/testPoseBetweenFactor"
Directory: /home/jkang/gtsam/build/gtsam_unstable/slam/tests
"testPoseBetweenFactor" start time: Feb 02 14:28 EST
Output:
----------------------------------------------------------
There were no test failures
<end of output>
Test time =   0.01 sec
----------------------------------------------------------
Test Passed.
"testPoseBetweenFactor" end time: Feb 02 14:28 EST
"testPoseBetweenFactor" time elapsed: 00:00:00
----------------------------------------------------------

211/230 Testing: testOccupancyGrid
211/230 Test: testOccupancyGrid
Command: "/home/jkang/gtsam/build/gtsam_unstable/slam/tests/testOccupancyGrid"
Directory: /home/jkang/gtsam/build/gtsam_unstable/slam/tests
"testOccupancyGrid" start time: Feb 02 14:28 EST
Output:
----------------------------------------------------------
There were no test failures
<end of output>
Test time =   0.00 sec
----------------------------------------------------------
Test Passed.
"testOccupancyGrid" end time: Feb 02 14:28 EST
"testOccupancyGrid" time elapsed: 00:00:00
----------------------------------------------------------

212/230 Testing: testPosePriorFactor
212/230 Test: testPosePriorFactor
Command: "/home/jkang/gtsam/build/gtsam_unstable/slam/tests/testPosePriorFactor"
Directory: /home/jkang/gtsam/build/gtsam_unstable/slam/tests
"testPosePriorFactor" start time: Feb 02 14:28 EST
Output:
----------------------------------------------------------
There were no test failures
<end of output>
Test time =   0.02 sec
----------------------------------------------------------
Test Passed.
"testPosePriorFactor" end time: Feb 02 14:28 EST
"testPosePriorFactor" time elapsed: 00:00:00
----------------------------------------------------------

213/230 Testing: testEquivInertialNavFactor_GlobalVel
213/230 Test: testEquivInertialNavFactor_GlobalVel
Command: "/home/jkang/gtsam/build/gtsam_unstable/slam/tests/testEquivInertialNavFactor_GlobalVel"
Directory: /home/jkang/gtsam/build/gtsam_unstable/slam/tests
"testEquivInertialNavFactor_GlobalVel" start time: Feb 02 14:28 EST
Output:
----------------------------------------------------------
There were no test failures
<end of output>
Test time =   0.02 sec
----------------------------------------------------------
Test Passed.
"testEquivInertialNavFactor_GlobalVel" end time: Feb 02 14:28 EST
"testEquivInertialNavFactor_GlobalVel" time elapsed: 00:00:00
----------------------------------------------------------

214/230 Testing: testBetweenFactorEM
214/230 Test: testBetweenFactorEM
Command: "/home/jkang/gtsam/build/gtsam_unstable/slam/tests/testBetweenFactorEM"
Directory: /home/jkang/gtsam/build/gtsam_unstable/slam/tests
"testBetweenFactorEM" start time: Feb 02 14:28 EST
Output:
----------------------------------------------------------
There were no test failures
<end of output>
Test time =   0.02 sec
----------------------------------------------------------
Test Passed.
"testBetweenFactorEM" end time: Feb 02 14:28 EST
"testBetweenFactorEM" time elapsed: 00:00:00
----------------------------------------------------------

215/230 Testing: testInvDepthFactorVariant1
215/230 Test: testInvDepthFactorVariant1
Command: "/home/jkang/gtsam/build/gtsam_unstable/slam/tests/testInvDepthFactorVariant1"
Directory: /home/jkang/gtsam/build/gtsam_unstable/slam/tests
"testInvDepthFactorVariant1" start time: Feb 02 14:28 EST
Output:
----------------------------------------------------------
There were no test failures
<end of output>
Test time =   0.02 sec
----------------------------------------------------------
Test Passed.
"testInvDepthFactorVariant1" end time: Feb 02 14:28 EST
"testInvDepthFactorVariant1" time elapsed: 00:00:00
----------------------------------------------------------

216/230 Testing: testDummyFactor
216/230 Test: testDummyFactor
Command: "/home/jkang/gtsam/build/gtsam_unstable/slam/tests/testDummyFactor"
Directory: /home/jkang/gtsam/build/gtsam_unstable/slam/tests
"testDummyFactor" start time: Feb 02 14:28 EST
Output:
----------------------------------------------------------
There were no test failures
<end of output>
Test time =   0.02 sec
----------------------------------------------------------
Test Passed.
"testDummyFactor" end time: Feb 02 14:28 EST
"testDummyFactor" time elapsed: 00:00:00
----------------------------------------------------------

217/230 Testing: testInertialNavFactor_GlobalVelocity
217/230 Test: testInertialNavFactor_GlobalVelocity
Command: "/home/jkang/gtsam/build/gtsam_unstable/slam/tests/testInertialNavFactor_GlobalVelocity"
Directory: /home/jkang/gtsam/build/gtsam_unstable/slam/tests
"testInertialNavFactor_GlobalVelocity" start time: Feb 02 14:28 EST
Output:
----------------------------------------------------------
There were no test failures
<end of output>
Test time =   0.01 sec
----------------------------------------------------------
Test Passed.
"testInertialNavFactor_GlobalVelocity" end time: Feb 02 14:28 EST
"testInertialNavFactor_GlobalVelocity" time elapsed: 00:00:00
----------------------------------------------------------

218/230 Testing: testTransformBtwRobotsUnaryFactorEM
218/230 Test: testTransformBtwRobotsUnaryFactorEM
Command: "/home/jkang/gtsam/build/gtsam_unstable/slam/tests/testTransformBtwRobotsUnaryFactorEM"
Directory: /home/jkang/gtsam/build/gtsam_unstable/slam/tests
"testTransformBtwRobotsUnaryFactorEM" start time: Feb 02 14:28 EST
Output:
----------------------------------------------------------
There were no test failures
<end of output>
Test time =   0.01 sec
----------------------------------------------------------
Test Passed.
"testTransformBtwRobotsUnaryFactorEM" end time: Feb 02 14:28 EST
"testTransformBtwRobotsUnaryFactorEM" time elapsed: 00:00:00
----------------------------------------------------------

219/230 Testing: testBiasedGPSFactor
219/230 Test: testBiasedGPSFactor
Command: "/home/jkang/gtsam/build/gtsam_unstable/slam/tests/testBiasedGPSFactor"
Directory: /home/jkang/gtsam/build/gtsam_unstable/slam/tests
"testBiasedGPSFactor" start time: Feb 02 14:28 EST
Output:
----------------------------------------------------------
There were no test failures
<end of output>
Test time =   0.02 sec
----------------------------------------------------------
Test Passed.
"testBiasedGPSFactor" end time: Feb 02 14:28 EST
"testBiasedGPSFactor" time elapsed: 00:00:00
----------------------------------------------------------

220/230 Testing: testGaussMarkov1stOrderFactor
220/230 Test: testGaussMarkov1stOrderFactor
Command: "/home/jkang/gtsam/build/gtsam_unstable/slam/tests/testGaussMarkov1stOrderFactor"
Directory: /home/jkang/gtsam/build/gtsam_unstable/slam/tests
"testGaussMarkov1stOrderFactor" start time: Feb 02 14:28 EST
Output:
----------------------------------------------------------
There were no test failures
<end of output>
Test time =   0.01 sec
----------------------------------------------------------
Test Passed.
"testGaussMarkov1stOrderFactor" end time: Feb 02 14:28 EST
"testGaussMarkov1stOrderFactor" time elapsed: 00:00:00
----------------------------------------------------------

221/230 Testing: testInvDepthFactorVariant2
221/230 Test: testInvDepthFactorVariant2
Command: "/home/jkang/gtsam/build/gtsam_unstable/slam/tests/testInvDepthFactorVariant2"
Directory: /home/jkang/gtsam/build/gtsam_unstable/slam/tests
"testInvDepthFactorVariant2" start time: Feb 02 14:28 EST
Output:
----------------------------------------------------------
There were no test failures
<end of output>
Test time =   0.03 sec
----------------------------------------------------------
Test Passed.
"testInvDepthFactorVariant2" end time: Feb 02 14:28 EST
"testInvDepthFactorVariant2" time elapsed: 00:00:00
----------------------------------------------------------

222/230 Testing: testSmartRangeFactor
222/230 Test: testSmartRangeFactor
Command: "/home/jkang/gtsam/build/gtsam_unstable/slam/tests/testSmartRangeFactor"
Directory: /home/jkang/gtsam/build/gtsam_unstable/slam/tests
"testSmartRangeFactor" start time: Feb 02 14:28 EST
Output:
----------------------------------------------------------
There were no test failures
<end of output>
Test time =   0.02 sec
----------------------------------------------------------
Test Passed.
"testSmartRangeFactor" end time: Feb 02 14:28 EST
"testSmartRangeFactor" time elapsed: 00:00:00
----------------------------------------------------------

223/230 Testing: testTSAMFactors
223/230 Test: testTSAMFactors
Command: "/home/jkang/gtsam/build/gtsam_unstable/slam/tests/testTSAMFactors"
Directory: /home/jkang/gtsam/build/gtsam_unstable/slam/tests
"testTSAMFactors" start time: Feb 02 14:28 EST
Output:
----------------------------------------------------------
There were no test failures
<end of output>
Test time =   0.01 sec
----------------------------------------------------------
Test Passed.
"testTSAMFactors" end time: Feb 02 14:28 EST
"testTSAMFactors" time elapsed: 00:00:00
----------------------------------------------------------

224/230 Testing: testTOAFactor
224/230 Test: testTOAFactor
Command: "/home/jkang/gtsam/build/gtsam_unstable/slam/tests/testTOAFactor"
Directory: /home/jkang/gtsam/build/gtsam_unstable/slam/tests
"testTOAFactor" start time: Feb 02 14:28 EST
Output:
----------------------------------------------------------
There were no test failures
<end of output>
Test time =   0.02 sec
----------------------------------------------------------
Test Passed.
"testTOAFactor" end time: Feb 02 14:28 EST
"testTOAFactor" time elapsed: 00:00:00
----------------------------------------------------------

225/230 Testing: testMultiProjectionFactor
225/230 Test: testMultiProjectionFactor
Command: "/home/jkang/gtsam/build/gtsam_unstable/slam/tests/testMultiProjectionFactor"
Directory: /home/jkang/gtsam/build/gtsam_unstable/slam/tests
"testMultiProjectionFactor" start time: Feb 02 14:28 EST
Output:
----------------------------------------------------------
There were no test failures
<end of output>
Test time =   0.01 sec
----------------------------------------------------------
Test Passed.
"testMultiProjectionFactor" end time: Feb 02 14:28 EST
"testMultiProjectionFactor" time elapsed: 00:00:00
----------------------------------------------------------

226/230 Testing: testRelativeElevationFactor
226/230 Test: testRelativeElevationFactor
Command: "/home/jkang/gtsam/build/gtsam_unstable/slam/tests/testRelativeElevationFactor"
Directory: /home/jkang/gtsam/build/gtsam_unstable/slam/tests
"testRelativeElevationFactor" start time: Feb 02 14:28 EST
Output:
----------------------------------------------------------
There were no test failures
<end of output>
Test time =   0.01 sec
----------------------------------------------------------
Test Passed.
"testRelativeElevationFactor" end time: Feb 02 14:28 EST
"testRelativeElevationFactor" time elapsed: 00:00:00
----------------------------------------------------------

227/230 Testing: testInvDepthFactorVariant3
227/230 Test: testInvDepthFactorVariant3
Command: "/home/jkang/gtsam/build/gtsam_unstable/slam/tests/testInvDepthFactorVariant3"
Directory: /home/jkang/gtsam/build/gtsam_unstable/slam/tests
"testInvDepthFactorVariant3" start time: Feb 02 14:28 EST
Output:
----------------------------------------------------------
There were no test failures
<end of output>
Test time =   0.02 sec
----------------------------------------------------------
Test Passed.
"testInvDepthFactorVariant3" end time: Feb 02 14:28 EST
"testInvDepthFactorVariant3" time elapsed: 00:00:00
----------------------------------------------------------

228/230 Testing: testAHRS
228/230 Test: testAHRS
Command: "/home/jkang/gtsam/build/gtsam_unstable/slam/tests/testAHRS"
Directory: /home/jkang/gtsam/build/gtsam_unstable/slam/tests
"testAHRS" start time: Feb 02 14:28 EST
Output:
----------------------------------------------------------
There were no test failures
<end of output>
Test time =   0.01 sec
----------------------------------------------------------
Test Passed.
"testAHRS" end time: Feb 02 14:28 EST
"testAHRS" time elapsed: 00:00:00
----------------------------------------------------------

229/230 Testing: testInvDepthFactor3
229/230 Test: testInvDepthFactor3
Command: "/home/jkang/gtsam/build/gtsam_unstable/slam/tests/testInvDepthFactor3"
Directory: /home/jkang/gtsam/build/gtsam_unstable/slam/tests
"testInvDepthFactor3" start time: Feb 02 14:28 EST
Output:
----------------------------------------------------------
There were no test failures
<end of output>
Test time =   0.03 sec
----------------------------------------------------------
Test Passed.
"testInvDepthFactor3" end time: Feb 02 14:28 EST
"testInvDepthFactor3" time elapsed: 00:00:00
----------------------------------------------------------

230/230 Testing: testTransformBtwRobotsUnaryFactor
230/230 Test: testTransformBtwRobotsUnaryFactor
Command: "/home/jkang/gtsam/build/gtsam_unstable/slam/tests/testTransformBtwRobotsUnaryFactor"
Directory: /home/jkang/gtsam/build/gtsam_unstable/slam/tests
"testTransformBtwRobotsUnaryFactor" start time: Feb 02 14:28 EST
Output:
----------------------------------------------------------
There were no test failures
<end of output>
Test time =   0.02 sec
----------------------------------------------------------
Test Passed.
"testTransformBtwRobotsUnaryFactor" end time: Feb 02 14:28 EST
"testTransformBtwRobotsUnaryFactor" time elapsed: 00:00:00
----------------------------------------------------------

End testing: Feb 02 14:28 EST
